2024-01-17T20:56:08.024+01:00  INFO 1556 --- [main] c.e.listifyapi.ListifyWebApiApplication  : Starting ListifyWebApiApplication using Java 17.0.6 with PID 1556 (D:\Desktop\Jaz projekt\Listify\Listify API\listify-web-Api\target\classes started by 48504 in D:\Desktop\Jaz projekt\Listify\Listify API)
2024-01-17T20:56:08.047+01:00  INFO 1556 --- [main] c.e.listifyapi.ListifyWebApiApplication  : No active profile set, falling back to 1 default profile: "default"
2024-01-17T20:56:08.584+01:00  INFO 1556 --- [main] .s.d.r.c.RepositoryConfigurationDelegate : Bootstrapping Spring Data JPA repositories in DEFAULT mode.
2024-01-17T20:56:08.632+01:00  INFO 1556 --- [main] .s.d.r.c.RepositoryConfigurationDelegate : Finished Spring Data repository scanning in 41 ms. Found 3 JPA repository interfaces.
2024-01-17T20:56:09.113+01:00  INFO 1556 --- [main] o.s.b.w.embedded.tomcat.TomcatWebServer  : Tomcat initialized with port 8081 (http)
2024-01-17T20:56:09.123+01:00  INFO 1556 --- [main] o.apache.catalina.core.StandardService   : Starting service [Tomcat]
2024-01-17T20:56:09.123+01:00  INFO 1556 --- [main] o.apache.catalina.core.StandardEngine    : Starting Servlet engine: [Apache Tomcat/10.1.17]
2024-01-17T20:56:09.172+01:00  INFO 1556 --- [main] o.a.c.c.C.[Tomcat].[localhost].[/]       : Initializing Spring embedded WebApplicationContext
2024-01-17T20:56:09.172+01:00  INFO 1556 --- [main] w.s.c.ServletWebServerApplicationContext : Root WebApplicationContext: initialization completed in 1093 ms
2024-01-17T20:56:09.267+01:00  INFO 1556 --- [main] com.zaxxer.hikari.HikariDataSource       : HikariPool-1 - Starting...
2024-01-17T20:56:09.559+01:00  INFO 1556 --- [main] com.zaxxer.hikari.pool.HikariPool        : HikariPool-1 - Added connection com.mysql.cj.jdbc.ConnectionImpl@1653b84e
2024-01-17T20:56:09.562+01:00  INFO 1556 --- [main] com.zaxxer.hikari.HikariDataSource       : HikariPool-1 - Start completed.
2024-01-17T20:56:09.595+01:00  INFO 1556 --- [main] o.hibernate.jpa.internal.util.LogHelper  : HHH000204: Processing PersistenceUnitInfo [name: default]
2024-01-17T20:56:09.650+01:00  INFO 1556 --- [main] org.hibernate.Version                    : HHH000412: Hibernate ORM core version 6.4.1.Final
2024-01-17T20:56:09.678+01:00  INFO 1556 --- [main] o.h.c.internal.RegionFactoryInitiator    : HHH000026: Second-level cache disabled
2024-01-17T20:56:09.876+01:00  INFO 1556 --- [main] o.s.o.j.p.SpringPersistenceUnitInfo      : No LoadTimeWeaver setup: ignoring JPA class transformer
2024-01-17T20:56:09.933+01:00  WARN 1556 --- [main] org.hibernate.orm.deprecation            : HHH90000025: MySQLDialect does not need to be specified explicitly using 'hibernate.dialect' (remove the property setting and it will be selected by default)
2024-01-17T20:56:10.575+01:00  INFO 1556 --- [main] o.h.e.t.j.p.i.JtaPlatformInitiator       : HHH000489: No JTA platform available (set 'hibernate.transaction.jta.platform' to enable JTA platform integration)
2024-01-17T20:56:10.577+01:00  INFO 1556 --- [main] j.LocalContainerEntityManagerFactoryBean : Initialized JPA EntityManagerFactory for persistence unit 'default'
2024-01-17T20:56:10.839+01:00  WARN 1556 --- [main] JpaBaseConfiguration$JpaWebConfiguration : spring.jpa.open-in-view is enabled by default. Therefore, database queries may be performed during view rendering. Explicitly configure spring.jpa.open-in-view to disable this warning
2024-01-17T20:56:11.063+01:00  INFO 1556 --- [main] o.s.b.w.embedded.tomcat.TomcatWebServer  : Tomcat started on port 8081 (http) with context path ''
2024-01-17T20:56:11.069+01:00  INFO 1556 --- [main] c.e.listifyapi.ListifyWebApiApplication  : Started ListifyWebApiApplication in 3.394 seconds (process running for 4.024)
2024-01-17T20:56:49.558+01:00  INFO 1556 --- [http-nio-8081-exec-1] o.a.c.c.C.[Tomcat].[localhost].[/]       : Initializing Spring DispatcherServlet 'dispatcherServlet'
2024-01-17T20:56:49.558+01:00  INFO 1556 --- [http-nio-8081-exec-1] o.s.web.servlet.DispatcherServlet        : Initializing Servlet 'dispatcherServlet'
2024-01-17T20:56:49.559+01:00  INFO 1556 --- [http-nio-8081-exec-1] o.s.web.servlet.DispatcherServlet        : Completed initialization in 1 ms
2024-01-17T20:56:55.633+01:00  WARN 1556 --- [http-nio-8081-exec-3] c.e.listifyapi.service.ListifyService    : Couldn't find the resource, Action: get track
2024-01-17T20:57:08.170+01:00  INFO 1556 --- [http-nio-8081-exec-6] c.e.listifyapi.service.ListifyService    : Track with id: 'TcljtRibIIyAXlD' saved successfully
2024-01-17T20:57:37.165+01:00  INFO 1556 --- [SpringApplicationShutdownHook] j.LocalContainerEntityManagerFactoryBean : Closing JPA EntityManagerFactory for persistence unit 'default'
2024-01-17T20:57:37.167+01:00  INFO 1556 --- [SpringApplicationShutdownHook] com.zaxxer.hikari.HikariDataSource       : HikariPool-1 - Shutdown initiated...
2024-01-17T20:57:37.174+01:00  INFO 1556 --- [SpringApplicationShutdownHook] com.zaxxer.hikari.HikariDataSource       : HikariPool-1 - Shutdown completed.
2024-01-17T21:02:05.074+01:00  INFO 6952 --- [main] c.e.listifyapi.ListifyWebApiApplication  : Starting ListifyWebApiApplication using Java 17.0.6 with PID 6952 (D:\Desktop\Jaz projekt\Listify\Listify API\listify-web-Api\target\classes started by 48504 in D:\Desktop\Jaz projekt\Listify\Listify API)
2024-01-17T21:02:05.076+01:00  INFO 6952 --- [main] c.e.listifyapi.ListifyWebApiApplication  : No active profile set, falling back to 1 default profile: "default"
2024-01-17T21:02:05.394+01:00  INFO 6952 --- [main] .s.d.r.c.RepositoryConfigurationDelegate : Bootstrapping Spring Data JPA repositories in DEFAULT mode.
2024-01-17T21:02:05.432+01:00  INFO 6952 --- [main] .s.d.r.c.RepositoryConfigurationDelegate : Finished Spring Data repository scanning in 32 ms. Found 3 JPA repository interfaces.
2024-01-17T21:02:06.059+01:00  INFO 6952 --- [main] o.s.b.w.embedded.tomcat.TomcatWebServer  : Tomcat initialized with port 8081 (http)
2024-01-17T21:02:06.068+01:00  INFO 6952 --- [main] o.apache.catalina.core.StandardService   : Starting service [Tomcat]
2024-01-17T21:02:06.068+01:00  INFO 6952 --- [main] o.apache.catalina.core.StandardEngine    : Starting Servlet engine: [Apache Tomcat/10.1.17]
2024-01-17T21:02:06.118+01:00  INFO 6952 --- [main] o.a.c.c.C.[Tomcat].[localhost].[/]       : Initializing Spring embedded WebApplicationContext
2024-01-17T21:02:06.118+01:00  INFO 6952 --- [main] w.s.c.ServletWebServerApplicationContext : Root WebApplicationContext: initialization completed in 1006 ms
2024-01-17T21:02:06.213+01:00  INFO 6952 --- [main] com.zaxxer.hikari.HikariDataSource       : HikariPool-1 - Starting...
2024-01-17T21:02:06.417+01:00  INFO 6952 --- [main] com.zaxxer.hikari.pool.HikariPool        : HikariPool-1 - Added connection com.mysql.cj.jdbc.ConnectionImpl@626b639e
2024-01-17T21:02:06.419+01:00  INFO 6952 --- [main] com.zaxxer.hikari.HikariDataSource       : HikariPool-1 - Start completed.
2024-01-17T21:02:06.450+01:00  INFO 6952 --- [main] o.hibernate.jpa.internal.util.LogHelper  : HHH000204: Processing PersistenceUnitInfo [name: default]
2024-01-17T21:02:06.490+01:00  INFO 6952 --- [main] org.hibernate.Version                    : HHH000412: Hibernate ORM core version 6.4.1.Final
2024-01-17T21:02:06.513+01:00  INFO 6952 --- [main] o.h.c.internal.RegionFactoryInitiator    : HHH000026: Second-level cache disabled
2024-01-17T21:02:06.698+01:00  INFO 6952 --- [main] o.s.o.j.p.SpringPersistenceUnitInfo      : No LoadTimeWeaver setup: ignoring JPA class transformer
2024-01-17T21:02:06.748+01:00  WARN 6952 --- [main] org.hibernate.orm.deprecation            : HHH90000025: MySQLDialect does not need to be specified explicitly using 'hibernate.dialect' (remove the property setting and it will be selected by default)
2024-01-17T21:02:07.450+01:00  INFO 6952 --- [main] o.h.e.t.j.p.i.JtaPlatformInitiator       : HHH000489: No JTA platform available (set 'hibernate.transaction.jta.platform' to enable JTA platform integration)
2024-01-17T21:02:07.452+01:00  INFO 6952 --- [main] j.LocalContainerEntityManagerFactoryBean : Initialized JPA EntityManagerFactory for persistence unit 'default'
2024-01-17T21:02:07.745+01:00  WARN 6952 --- [main] JpaBaseConfiguration$JpaWebConfiguration : spring.jpa.open-in-view is enabled by default. Therefore, database queries may be performed during view rendering. Explicitly configure spring.jpa.open-in-view to disable this warning
2024-01-17T21:02:07.975+01:00  INFO 6952 --- [main] o.s.b.w.embedded.tomcat.TomcatWebServer  : Tomcat started on port 8081 (http) with context path ''
2024-01-17T21:02:07.982+01:00  INFO 6952 --- [main] c.e.listifyapi.ListifyWebApiApplication  : Started ListifyWebApiApplication in 3.2 seconds (process running for 3.633)
2024-01-17T21:02:14.599+01:00  INFO 6952 --- [http-nio-8081-exec-1] o.a.c.c.C.[Tomcat].[localhost].[/]       : Initializing Spring DispatcherServlet 'dispatcherServlet'
2024-01-17T21:02:14.600+01:00  INFO 6952 --- [http-nio-8081-exec-1] o.s.web.servlet.DispatcherServlet        : Initializing Servlet 'dispatcherServlet'
2024-01-17T21:02:14.600+01:00  INFO 6952 --- [http-nio-8081-exec-1] o.s.web.servlet.DispatcherServlet        : Completed initialization in 0 ms
2024-01-17T21:02:27.411+01:00  WARN 6952 --- [http-nio-8081-exec-8] c.e.listifyapi.service.ListifyService    : Couldn't find the resource, Action: get track
2024-01-17T21:02:45.187+01:00  INFO 6952 --- [http-nio-8081-exec-1] c.e.listifyapi.service.ListifyService    : Track with id: 'WHSrZVkLaVNMERl' saved successfully
2024-01-17T21:03:20.570+01:00  INFO 6952 --- [SpringApplicationShutdownHook] j.LocalContainerEntityManagerFactoryBean : Closing JPA EntityManagerFactory for persistence unit 'default'
2024-01-17T21:03:20.571+01:00  INFO 6952 --- [SpringApplicationShutdownHook] com.zaxxer.hikari.HikariDataSource       : HikariPool-1 - Shutdown initiated...
2024-01-17T21:03:20.577+01:00  INFO 6952 --- [SpringApplicationShutdownHook] com.zaxxer.hikari.HikariDataSource       : HikariPool-1 - Shutdown completed.
2024-01-17T21:06:41.477+01:00  INFO 22376 --- [main] c.e.listifyapi.ListifyWebApiApplication  : Starting ListifyWebApiApplication using Java 17.0.6 with PID 22376 (D:\Desktop\Jaz projekt\Listify\Listify API\listify-web-Api\target\classes started by 48504 in D:\Desktop\Jaz projekt\Listify\Listify API)
2024-01-17T21:06:41.479+01:00  INFO 22376 --- [main] c.e.listifyapi.ListifyWebApiApplication  : No active profile set, falling back to 1 default profile: "default"
2024-01-17T21:06:41.771+01:00  INFO 22376 --- [main] .s.d.r.c.RepositoryConfigurationDelegate : Bootstrapping Spring Data JPA repositories in DEFAULT mode.
2024-01-17T21:06:41.806+01:00  INFO 22376 --- [main] .s.d.r.c.RepositoryConfigurationDelegate : Finished Spring Data repository scanning in 29 ms. Found 3 JPA repository interfaces.
2024-01-17T21:06:42.239+01:00  INFO 22376 --- [main] o.s.b.w.embedded.tomcat.TomcatWebServer  : Tomcat initialized with port 8081 (http)
2024-01-17T21:06:42.248+01:00  INFO 22376 --- [main] o.apache.catalina.core.StandardService   : Starting service [Tomcat]
2024-01-17T21:06:42.248+01:00  INFO 22376 --- [main] o.apache.catalina.core.StandardEngine    : Starting Servlet engine: [Apache Tomcat/10.1.17]
2024-01-17T21:06:42.296+01:00  INFO 22376 --- [main] o.a.c.c.C.[Tomcat].[localhost].[/]       : Initializing Spring embedded WebApplicationContext
2024-01-17T21:06:42.296+01:00  INFO 22376 --- [main] w.s.c.ServletWebServerApplicationContext : Root WebApplicationContext: initialization completed in 789 ms
2024-01-17T21:06:42.386+01:00  INFO 22376 --- [main] com.zaxxer.hikari.HikariDataSource       : HikariPool-1 - Starting...
2024-01-17T21:06:42.614+01:00  INFO 22376 --- [main] com.zaxxer.hikari.pool.HikariPool        : HikariPool-1 - Added connection com.mysql.cj.jdbc.ConnectionImpl@8840c98
2024-01-17T21:06:42.615+01:00  INFO 22376 --- [main] com.zaxxer.hikari.HikariDataSource       : HikariPool-1 - Start completed.
2024-01-17T21:06:42.642+01:00  INFO 22376 --- [main] o.hibernate.jpa.internal.util.LogHelper  : HHH000204: Processing PersistenceUnitInfo [name: default]
2024-01-17T21:06:42.682+01:00  INFO 22376 --- [main] org.hibernate.Version                    : HHH000412: Hibernate ORM core version 6.4.1.Final
2024-01-17T21:06:42.705+01:00  INFO 22376 --- [main] o.h.c.internal.RegionFactoryInitiator    : HHH000026: Second-level cache disabled
2024-01-17T21:06:42.858+01:00  INFO 22376 --- [main] o.s.o.j.p.SpringPersistenceUnitInfo      : No LoadTimeWeaver setup: ignoring JPA class transformer
2024-01-17T21:06:42.903+01:00  WARN 22376 --- [main] org.hibernate.orm.deprecation            : HHH90000025: MySQLDialect does not need to be specified explicitly using 'hibernate.dialect' (remove the property setting and it will be selected by default)
2024-01-17T21:06:43.481+01:00  INFO 22376 --- [main] o.h.e.t.j.p.i.JtaPlatformInitiator       : HHH000489: No JTA platform available (set 'hibernate.transaction.jta.platform' to enable JTA platform integration)
2024-01-17T21:06:43.483+01:00  INFO 22376 --- [main] j.LocalContainerEntityManagerFactoryBean : Initialized JPA EntityManagerFactory for persistence unit 'default'
2024-01-17T21:06:43.728+01:00  WARN 22376 --- [main] JpaBaseConfiguration$JpaWebConfiguration : spring.jpa.open-in-view is enabled by default. Therefore, database queries may be performed during view rendering. Explicitly configure spring.jpa.open-in-view to disable this warning
2024-01-17T21:06:43.946+01:00  INFO 22376 --- [main] o.s.b.w.embedded.tomcat.TomcatWebServer  : Tomcat started on port 8081 (http) with context path ''
2024-01-17T21:06:43.952+01:00  INFO 22376 --- [main] c.e.listifyapi.ListifyWebApiApplication  : Started ListifyWebApiApplication in 2.755 seconds (process running for 3.157)
2024-01-17T21:06:47.727+01:00  INFO 22376 --- [http-nio-8081-exec-1] o.a.c.c.C.[Tomcat].[localhost].[/]       : Initializing Spring DispatcherServlet 'dispatcherServlet'
2024-01-17T21:06:47.727+01:00  INFO 22376 --- [http-nio-8081-exec-1] o.s.web.servlet.DispatcherServlet        : Initializing Servlet 'dispatcherServlet'
2024-01-17T21:06:47.728+01:00  INFO 22376 --- [http-nio-8081-exec-1] o.s.web.servlet.DispatcherServlet        : Completed initialization in 1 ms
2024-01-17T21:43:11.465+01:00  INFO 22376 --- [SpringApplicationShutdownHook] j.LocalContainerEntityManagerFactoryBean : Closing JPA EntityManagerFactory for persistence unit 'default'
2024-01-17T21:43:11.467+01:00  INFO 22376 --- [SpringApplicationShutdownHook] com.zaxxer.hikari.HikariDataSource       : HikariPool-1 - Shutdown initiated...
2024-01-17T21:43:11.471+01:00  INFO 22376 --- [SpringApplicationShutdownHook] com.zaxxer.hikari.HikariDataSource       : HikariPool-1 - Shutdown completed.
